[ %b %16 %2024 %11:%Nov:%th ] [notice] User login: admin from IP: 67.161.96.165
[ %b %16 %2024 %13:%Nov:%th ] [notice] Forum updated: Public forum from IP: 174.164.150.239
[ %b %16 %2024 %13:%Nov:%th ] [notice] Forum updated: Public forum from IP: 174.164.150.239
[ %b %16 %2024 %18:%Nov:%th ] [notice] User login: admin from IP: 174.164.150.239
[ %b %16 %2024 %19:%Nov:%th ] [notice] File added to file manager from IP: 174.164.150.239
[ %b %16 %2024 %21:%Nov:%th ] [notice] <b>Template Error:</b> set_root: /home/ez/public_html/ezarticle/user//templates/trade is not a directory.<br>

[ %b %16 %2024 %21:%Nov:%th ] [notice] <b>Template Error:</b> filename: file /articleview.tpl does not exist.<br>

[ %b %16 %2024 %21:%Nov:%th ] [notice] <b>Template Error:</b> loadfile: Cannot find template file "/articleview.tpl"<br>

[ %b %16 %2024 %21:%Nov:%th ] [notice] <b>Template Error:</b> subst: unable to load article_view_page_tpl.<br>

[ %b %16 %2024 %21:%Nov:%th ] [notice] <b>Template Error:</b> loadfile: Cannot find template file "/articleview.tpl"<br>

[ %b %16 %2024 %21:%Nov:%th ] [notice] <b>Template Error:</b> subst: unable to load article_view_page_tpl.<br>

[ %b %16 %2024 %21:%Nov:%th ] [notice] <b>Template Error:</b> loadfile: Cannot find template file "/articleview.tpl"<br>

[ %b %16 %2024 %21:%Nov:%th ] [notice] <b>Template Error:</b> subst: unable to load article_view_page_tpl.<br>

[ %b %16 %2024 %21:%Nov:%th ] [notice] <b>Template Error:</b> loadfile: Cannot find template file "/articleview.tpl"<br>

[ %b %16 %2024 %21:%Nov:%th ] [notice] <b>Template Error:</b> subst: unable to load article_view_page_tpl.<br>

[ %b %16 %2024 %21:%Nov:%th ] [notice] <b>Template Error:</b> loadfile: Cannot find template file "/articleview.tpl"<br>

[ %b %16 %2024 %21:%Nov:%th ] [notice] <b>Template Error:</b> subst: unable to load article_view_page_tpl.<br>

[ %b %16 %2024 %21:%Nov:%th ] [notice] <b>Template Error:</b> loadfile: Cannot find template file "/articleview.tpl"<br>

[ %b %16 %2024 %21:%Nov:%th ] [notice] <b>Template Error:</b> subst: unable to load article_view_page_tpl.<br>

[ %b %16 %2024 %21:%Nov:%th ] [notice] <b>Template Error:</b> loadfile: attached_file_list_tpl is not a valid handle.<br>

[ %b %16 %2024 %21:%Nov:%th ] [notice] <b>Template Error:</b> subst: unable to load attached_file_list_tpl.<br>

[ %b %16 %2024 %21:%Nov:%th ] [notice] <b>Template Error:</b> loadfile: Cannot find template file "/articleview.tpl"<br>

[ %b %16 %2024 %21:%Nov:%th ] [notice] <b>Template Error:</b> subst: unable to load article_view_page_tpl.<br>

[ %b %16 %2024 %21:%Nov:%th ] [notice] <b>Template Error:</b> loadfile: image_list_tpl is not a valid handle.<br>

[ %b %16 %2024 %21:%Nov:%th ] [notice] <b>Template Error:</b> subst: unable to load image_list_tpl.<br>

[ %b %16 %2024 %21:%Nov:%th ] [notice] <b>Template Error:</b> loadfile: Cannot find template file "/articleview.tpl"<br>

[ %b %16 %2024 %21:%Nov:%th ] [notice] <b>Template Error:</b> subst: unable to load article_view_page_tpl.<br>

[ %b %16 %2024 %21:%Nov:%th ] [notice] <b>Template Error:</b> loadfile: Cannot find template file "/articleview.tpl"<br>

[ %b %16 %2024 %21:%Nov:%th ] [notice] <b>Template Error:</b> subst: unable to load article_view_page_tpl.<br>

[ %b %16 %2024 %21:%Nov:%th ] [notice] <b>Template Error:</b> loadfile: Cannot find template file "/articleview.tpl"<br>

[ %b %16 %2024 %21:%Nov:%th ] [notice] <b>Template Error:</b> subst: unable to load article_view_page_tpl.<br>

[ %b %16 %2024 %21:%Nov:%th ] [notice] <b>Template Error:</b> loadfile: Cannot find template file "/articleview.tpl"<br>

[ %b %16 %2024 %21:%Nov:%th ] [notice] <b>Template Error:</b> subst: unable to load article_view_page_tpl.<br>

[ %b %16 %2024 %21:%Nov:%th ] [notice] <b>Template Error:</b> loadfile: Cannot find template file "/articleview.tpl"<br>

[ %b %16 %2024 %21:%Nov:%th ] [notice] <b>Template Error:</b> subst: unable to load article_view_page_tpl.<br>

[ %b %16 %2024 %21:%Nov:%th ] [notice] <b>Template Error:</b> loadfile: Cannot find template file "/articleview.tpl"<br>

[ %b %16 %2024 %21:%Nov:%th ] [notice] <b>Template Error:</b> subst: unable to load article_view_page_tpl.<br>

[ %b %16 %2024 %21:%Nov:%th ] [notice] <b>Template Error:</b> loadfile: Cannot find template file "/articleview.tpl"<br>

[ %b %16 %2024 %21:%Nov:%th ] [notice] <b>Template Error:</b> subst: unable to load article_view_page_tpl.<br>

[ %b %16 %2024 %21:%Nov:%th ] [notice] <b>Template Error:</b> loadfile: Cannot find template file "/articleview.tpl"<br>

[ %b %16 %2024 %21:%Nov:%th ] [notice] <b>Template Error:</b> subst: unable to load article_view_page_tpl.<br>

[ %b %16 %2024 %21:%Nov:%th ] [notice] <b>Template Error:</b> loadfile: Cannot find template file "/articleview.tpl"<br>

[ %b %16 %2024 %21:%Nov:%th ] [notice] <b>Template Error:</b> subst: unable to load article_view_page_tpl.<br>

[ %b %16 %2024 %21:%Nov:%th ] [notice] <b>Template Error:</b> loadfile: attribute_list_tpl is not a valid handle.<br>

[ %b %16 %2024 %21:%Nov:%th ] [notice] <b>Template Error:</b> subst: unable to load attribute_list_tpl.<br>

[ %b %16 %2024 %21:%Nov:%th ] [notice] <b>Template Error:</b> loadfile: type_item_tpl is not a valid handle.<br>

[ %b %16 %2024 %21:%Nov:%th ] [notice] <b>Template Error:</b> subst: unable to load type_item_tpl.<br>

[ %b %16 %2024 %21:%Nov:%th ] [notice] <b>Template Error:</b> loadfile: Cannot find template file "/articleview.tpl"<br>

[ %b %16 %2024 %21:%Nov:%th ] [notice] <b>Template Error:</b> loadfile: Cannot find template file "/articleview.tpl"<br>

[ %b %16 %2024 %21:%Nov:%th ] [notice] <b>Template Error:</b> loadfile: path_item_tpl is not a valid handle.<br>

[ %b %16 %2024 %21:%Nov:%th ] [notice] <b>Template Error:</b> subst: unable to load path_item_tpl.<br>

[ %b %16 %2024 %21:%Nov:%th ] [notice] <b>Template Error:</b> loadfile: article_intro_tpl is not a valid handle.<br>

[ %b %16 %2024 %21:%Nov:%th ] [notice] <b>Template Error:</b> subst: unable to load article_intro_tpl.<br>

[ %b %16 %2024 %21:%Nov:%th ] [notice] <b>Template Error:</b> loadfile: image_tpl is not a valid handle.<br>

[ %b %16 %2024 %21:%Nov:%th ] [notice] <b>Template Error:</b> subst: unable to load image_tpl.<br>

[ %b %16 %2024 %21:%Nov:%th ] [notice] <b>Template Error:</b> loadfile: image_tpl is not a valid handle.<br>

[ %b %16 %2024 %21:%Nov:%th ] [notice] <b>Template Error:</b> subst: unable to load image_tpl.<br>

[ %b %16 %2024 %21:%Nov:%th ] [notice] <b>Template Error:</b> loadfile: image_tpl is not a valid handle.<br>

[ %b %16 %2024 %21:%Nov:%th ] [notice] <b>Template Error:</b> subst: unable to load image_tpl.<br>

[ %b %16 %2024 %21:%Nov:%th ] [notice] <b>Template Error:</b> loadfile: image_tpl is not a valid handle.<br>

[ %b %16 %2024 %21:%Nov:%th ] [notice] <b>Template Error:</b> subst: unable to load image_tpl.<br>

[ %b %16 %2024 %21:%Nov:%th ] [notice] <b>Template Error:</b> loadfile: image_list_tpl is not a valid handle.<br>

[ %b %16 %2024 %21:%Nov:%th ] [notice] <b>Template Error:</b> subst: unable to load image_list_tpl.<br>

[ %b %16 %2024 %21:%Nov:%th ] [notice] <b>Template Error:</b> loadfile: article_header_tpl is not a valid handle.<br>

[ %b %16 %2024 %21:%Nov:%th ] [notice] <b>Template Error:</b> subst: unable to load article_header_tpl.<br>

[ %b %16 %2024 %21:%Nov:%th ] [notice] <b>Template Error:</b> loadfile: print_page_link_tpl is not a valid handle.<br>

[ %b %16 %2024 %21:%Nov:%th ] [notice] <b>Template Error:</b> subst: unable to load print_page_link_tpl.<br>

[ %b %16 %2024 %21:%Nov:%th ] [notice] <b>Template Error:</b> loadfile: Cannot find template file "/articleview.tpl"<br>

[ %b %16 %2024 %21:%Nov:%th ] [notice] <b>Template Error:</b> subst: unable to load article_view_page_tpl.<br>

[ %b %16 %2024 %21:%Nov:%th ] [notice] <b>Template Error:</b> set_root: /home/ez/public_html/ezarticle/user//templates/trade is not a directory.<br>

[ %b %16 %2024 %21:%Nov:%th ] [notice] <b>Template Error:</b> filename: file /articleview.tpl does not exist.<br>

[ %b %16 %2024 %21:%Nov:%th ] [notice] <b>Template Error:</b> loadfile: Cannot find template file "/articleview.tpl"<br>

[ %b %16 %2024 %21:%Nov:%th ] [notice] <b>Template Error:</b> subst: unable to load article_view_page_tpl.<br>

[ %b %16 %2024 %21:%Nov:%th ] [notice] <b>Template Error:</b> loadfile: Cannot find template file "/articleview.tpl"<br>

[ %b %16 %2024 %21:%Nov:%th ] [notice] <b>Template Error:</b> subst: unable to load article_view_page_tpl.<br>

[ %b %16 %2024 %21:%Nov:%th ] [notice] <b>Template Error:</b> loadfile: Cannot find template file "/articleview.tpl"<br>

[ %b %16 %2024 %21:%Nov:%th ] [notice] <b>Template Error:</b> subst: unable to load article_view_page_tpl.<br>

[ %b %16 %2024 %21:%Nov:%th ] [notice] <b>Template Error:</b> loadfile: Cannot find template file "/articleview.tpl"<br>

[ %b %16 %2024 %21:%Nov:%th ] [notice] <b>Template Error:</b> subst: unable to load article_view_page_tpl.<br>

[ %b %16 %2024 %21:%Nov:%th ] [notice] <b>Template Error:</b> loadfile: Cannot find template file "/articleview.tpl"<br>

[ %b %16 %2024 %21:%Nov:%th ] [notice] <b>Template Error:</b> subst: unable to load article_view_page_tpl.<br>

[ %b %16 %2024 %21:%Nov:%th ] [notice] <b>Template Error:</b> loadfile: Cannot find template file "/articleview.tpl"<br>

[ %b %16 %2024 %21:%Nov:%th ] [notice] <b>Template Error:</b> subst: unable to load article_view_page_tpl.<br>

[ %b %16 %2024 %21:%Nov:%th ] [notice] <b>Template Error:</b> loadfile: attached_file_list_tpl is not a valid handle.<br>

[ %b %16 %2024 %21:%Nov:%th ] [notice] <b>Template Error:</b> subst: unable to load attached_file_list_tpl.<br>

[ %b %16 %2024 %21:%Nov:%th ] [notice] <b>Template Error:</b> loadfile: Cannot find template file "/articleview.tpl"<br>

[ %b %16 %2024 %21:%Nov:%th ] [notice] <b>Template Error:</b> subst: unable to load article_view_page_tpl.<br>

[ %b %16 %2024 %21:%Nov:%th ] [notice] <b>Template Error:</b> loadfile: image_list_tpl is not a valid handle.<br>

[ %b %16 %2024 %21:%Nov:%th ] [notice] <b>Template Error:</b> subst: unable to load image_list_tpl.<br>

[ %b %16 %2024 %21:%Nov:%th ] [notice] <b>Template Error:</b> loadfile: Cannot find template file "/articleview.tpl"<br>

[ %b %16 %2024 %21:%Nov:%th ] [notice] <b>Template Error:</b> subst: unable to load article_view_page_tpl.<br>

[ %b %16 %2024 %21:%Nov:%th ] [notice] <b>Template Error:</b> loadfile: Cannot find template file "/articleview.tpl"<br>

[ %b %16 %2024 %21:%Nov:%th ] [notice] <b>Template Error:</b> subst: unable to load article_view_page_tpl.<br>

[ %b %16 %2024 %21:%Nov:%th ] [notice] <b>Template Error:</b> loadfile: Cannot find template file "/articleview.tpl"<br>

[ %b %16 %2024 %21:%Nov:%th ] [notice] <b>Template Error:</b> subst: unable to load article_view_page_tpl.<br>

[ %b %16 %2024 %21:%Nov:%th ] [notice] <b>Template Error:</b> loadfile: Cannot find template file "/articleview.tpl"<br>

[ %b %16 %2024 %21:%Nov:%th ] [notice] <b>Template Error:</b> subst: unable to load article_view_page_tpl.<br>

[ %b %16 %2024 %21:%Nov:%th ] [notice] <b>Template Error:</b> loadfile: Cannot find template file "/articleview.tpl"<br>

[ %b %16 %2024 %21:%Nov:%th ] [notice] <b>Template Error:</b> subst: unable to load article_view_page_tpl.<br>

[ %b %16 %2024 %21:%Nov:%th ] [notice] <b>Template Error:</b> loadfile: Cannot find template file "/articleview.tpl"<br>

[ %b %16 %2024 %21:%Nov:%th ] [notice] <b>Template Error:</b> subst: unable to load article_view_page_tpl.<br>

[ %b %16 %2024 %21:%Nov:%th ] [notice] <b>Template Error:</b> loadfile: Cannot find template file "/articleview.tpl"<br>

[ %b %16 %2024 %21:%Nov:%th ] [notice] <b>Template Error:</b> subst: unable to load article_view_page_tpl.<br>

[ %b %16 %2024 %21:%Nov:%th ] [notice] <b>Template Error:</b> loadfile: Cannot find template file "/articleview.tpl"<br>

[ %b %16 %2024 %21:%Nov:%th ] [notice] <b>Template Error:</b> subst: unable to load article_view_page_tpl.<br>

[ %b %16 %2024 %21:%Nov:%th ] [notice] <b>Template Error:</b> loadfile: Cannot find template file "/articleview.tpl"<br>

[ %b %16 %2024 %21:%Nov:%th ] [notice] <b>Template Error:</b> subst: unable to load article_view_page_tpl.<br>

[ %b %16 %2024 %21:%Nov:%th ] [notice] <b>Template Error:</b> loadfile: attribute_list_tpl is not a valid handle.<br>

[ %b %16 %2024 %21:%Nov:%th ] [notice] <b>Template Error:</b> subst: unable to load attribute_list_tpl.<br>

[ %b %16 %2024 %21:%Nov:%th ] [notice] <b>Template Error:</b> loadfile: type_item_tpl is not a valid handle.<br>

[ %b %16 %2024 %21:%Nov:%th ] [notice] <b>Template Error:</b> subst: unable to load type_item_tpl.<br>

[ %b %16 %2024 %21:%Nov:%th ] [notice] <b>Template Error:</b> loadfile: Cannot find template file "/articleview.tpl"<br>

[ %b %16 %2024 %21:%Nov:%th ] [notice] <b>Template Error:</b> loadfile: Cannot find template file "/articleview.tpl"<br>

[ %b %16 %2024 %21:%Nov:%th ] [notice] <b>Template Error:</b> loadfile: path_item_tpl is not a valid handle.<br>

[ %b %16 %2024 %21:%Nov:%th ] [notice] <b>Template Error:</b> subst: unable to load path_item_tpl.<br>

[ %b %16 %2024 %21:%Nov:%th ] [notice] <b>Template Error:</b> loadfile: article_intro_tpl is not a valid handle.<br>

[ %b %16 %2024 %21:%Nov:%th ] [notice] <b>Template Error:</b> subst: unable to load article_intro_tpl.<br>

[ %b %16 %2024 %21:%Nov:%th ] [notice] <b>Template Error:</b> loadfile: image_tpl is not a valid handle.<br>

[ %b %16 %2024 %21:%Nov:%th ] [notice] <b>Template Error:</b> subst: unable to load image_tpl.<br>

[ %b %16 %2024 %21:%Nov:%th ] [notice] <b>Template Error:</b> loadfile: image_tpl is not a valid handle.<br>

[ %b %16 %2024 %21:%Nov:%th ] [notice] <b>Template Error:</b> subst: unable to load image_tpl.<br>

[ %b %16 %2024 %21:%Nov:%th ] [notice] <b>Template Error:</b> loadfile: image_tpl is not a valid handle.<br>

[ %b %16 %2024 %21:%Nov:%th ] [notice] <b>Template Error:</b> subst: unable to load image_tpl.<br>

[ %b %16 %2024 %21:%Nov:%th ] [notice] <b>Template Error:</b> loadfile: image_tpl is not a valid handle.<br>

[ %b %16 %2024 %21:%Nov:%th ] [notice] <b>Template Error:</b> subst: unable to load image_tpl.<br>

[ %b %16 %2024 %21:%Nov:%th ] [notice] <b>Template Error:</b> loadfile: image_list_tpl is not a valid handle.<br>

[ %b %16 %2024 %21:%Nov:%th ] [notice] <b>Template Error:</b> subst: unable to load image_list_tpl.<br>

[ %b %16 %2024 %21:%Nov:%th ] [notice] <b>Template Error:</b> loadfile: article_header_tpl is not a valid handle.<br>

[ %b %16 %2024 %21:%Nov:%th ] [notice] <b>Template Error:</b> subst: unable to load article_header_tpl.<br>

[ %b %16 %2024 %21:%Nov:%th ] [notice] <b>Template Error:</b> loadfile: print_page_link_tpl is not a valid handle.<br>

[ %b %16 %2024 %21:%Nov:%th ] [notice] <b>Template Error:</b> subst: unable to load print_page_link_tpl.<br>

[ %b %16 %2024 %21:%Nov:%th ] [notice] <b>Template Error:</b> loadfile: Cannot find template file "/articleview.tpl"<br>

[ %b %16 %2024 %21:%Nov:%th ] [notice] <b>Template Error:</b> subst: unable to load article_view_page_tpl.<br>

[ %b %16 %2024 %21:%Nov:%th ] [notice] <b>Template Error:</b> set_root: /home/ez/public_html/ezarticle/user//templates/trade is not a directory.<br>

[ %b %16 %2024 %21:%Nov:%th ] [notice] <b>Template Error:</b> filename: file /articleview.tpl does not exist.<br>

[ %b %16 %2024 %21:%Nov:%th ] [notice] <b>Template Error:</b> loadfile: Cannot find template file "/articleview.tpl"<br>

[ %b %16 %2024 %21:%Nov:%th ] [notice] <b>Template Error:</b> subst: unable to load article_view_page_tpl.<br>

[ %b %16 %2024 %21:%Nov:%th ] [notice] <b>Template Error:</b> loadfile: Cannot find template file "/articleview.tpl"<br>

[ %b %16 %2024 %21:%Nov:%th ] [notice] <b>Template Error:</b> subst: unable to load article_view_page_tpl.<br>

[ %b %16 %2024 %21:%Nov:%th ] [notice] <b>Template Error:</b> loadfile: Cannot find template file "/articleview.tpl"<br>

[ %b %16 %2024 %21:%Nov:%th ] [notice] <b>Template Error:</b> subst: unable to load article_view_page_tpl.<br>

[ %b %16 %2024 %21:%Nov:%th ] [notice] <b>Template Error:</b> loadfile: Cannot find template file "/articleview.tpl"<br>

[ %b %16 %2024 %21:%Nov:%th ] [notice] <b>Template Error:</b> subst: unable to load article_view_page_tpl.<br>

[ %b %16 %2024 %21:%Nov:%th ] [notice] <b>Template Error:</b> loadfile: Cannot find template file "/articleview.tpl"<br>

[ %b %16 %2024 %21:%Nov:%th ] [notice] <b>Template Error:</b> subst: unable to load article_view_page_tpl.<br>

[ %b %16 %2024 %21:%Nov:%th ] [notice] <b>Template Error:</b> loadfile: Cannot find template file "/articleview.tpl"<br>

[ %b %16 %2024 %21:%Nov:%th ] [notice] <b>Template Error:</b> subst: unable to load article_view_page_tpl.<br>

[ %b %16 %2024 %21:%Nov:%th ] [notice] <b>Template Error:</b> loadfile: attached_file_list_tpl is not a valid handle.<br>

[ %b %16 %2024 %21:%Nov:%th ] [notice] <b>Template Error:</b> subst: unable to load attached_file_list_tpl.<br>

[ %b %16 %2024 %21:%Nov:%th ] [notice] <b>Template Error:</b> loadfile: Cannot find template file "/articleview.tpl"<br>

[ %b %16 %2024 %21:%Nov:%th ] [notice] <b>Template Error:</b> subst: unable to load article_view_page_tpl.<br>

[ %b %16 %2024 %21:%Nov:%th ] [notice] <b>Template Error:</b> loadfile: image_list_tpl is not a valid handle.<br>

[ %b %16 %2024 %21:%Nov:%th ] [notice] <b>Template Error:</b> subst: unable to load image_list_tpl.<br>

[ %b %16 %2024 %21:%Nov:%th ] [notice] <b>Template Error:</b> loadfile: Cannot find template file "/articleview.tpl"<br>

[ %b %16 %2024 %21:%Nov:%th ] [notice] <b>Template Error:</b> subst: unable to load article_view_page_tpl.<br>

[ %b %16 %2024 %21:%Nov:%th ] [notice] <b>Template Error:</b> loadfile: Cannot find template file "/articleview.tpl"<br>

[ %b %16 %2024 %21:%Nov:%th ] [notice] <b>Template Error:</b> subst: unable to load article_view_page_tpl.<br>

[ %b %16 %2024 %21:%Nov:%th ] [notice] <b>Template Error:</b> loadfile: Cannot find template file "/articleview.tpl"<br>

[ %b %16 %2024 %21:%Nov:%th ] [notice] <b>Template Error:</b> subst: unable to load article_view_page_tpl.<br>

[ %b %16 %2024 %21:%Nov:%th ] [notice] <b>Template Error:</b> loadfile: Cannot find template file "/articleview.tpl"<br>

[ %b %16 %2024 %21:%Nov:%th ] [notice] <b>Template Error:</b> subst: unable to load article_view_page_tpl.<br>

[ %b %16 %2024 %21:%Nov:%th ] [notice] <b>Template Error:</b> loadfile: Cannot find template file "/articleview.tpl"<br>

[ %b %16 %2024 %21:%Nov:%th ] [notice] <b>Template Error:</b> subst: unable to load article_view_page_tpl.<br>

[ %b %16 %2024 %21:%Nov:%th ] [notice] <b>Template Error:</b> loadfile: Cannot find template file "/articleview.tpl"<br>

[ %b %16 %2024 %21:%Nov:%th ] [notice] <b>Template Error:</b> subst: unable to load article_view_page_tpl.<br>

[ %b %16 %2024 %21:%Nov:%th ] [notice] <b>Template Error:</b> loadfile: Cannot find template file "/articleview.tpl"<br>

[ %b %16 %2024 %21:%Nov:%th ] [notice] <b>Template Error:</b> subst: unable to load article_view_page_tpl.<br>

[ %b %16 %2024 %21:%Nov:%th ] [notice] <b>Template Error:</b> loadfile: Cannot find template file "/articleview.tpl"<br>

[ %b %16 %2024 %21:%Nov:%th ] [notice] <b>Template Error:</b> subst: unable to load article_view_page_tpl.<br>

[ %b %16 %2024 %21:%Nov:%th ] [notice] <b>Template Error:</b> loadfile: Cannot find template file "/articleview.tpl"<br>

[ %b %16 %2024 %21:%Nov:%th ] [notice] <b>Template Error:</b> subst: unable to load article_view_page_tpl.<br>

[ %b %16 %2024 %21:%Nov:%th ] [notice] <b>Template Error:</b> loadfile: attribute_list_tpl is not a valid handle.<br>

[ %b %16 %2024 %21:%Nov:%th ] [notice] <b>Template Error:</b> subst: unable to load attribute_list_tpl.<br>

[ %b %16 %2024 %21:%Nov:%th ] [notice] <b>Template Error:</b> loadfile: type_item_tpl is not a valid handle.<br>

[ %b %16 %2024 %21:%Nov:%th ] [notice] <b>Template Error:</b> subst: unable to load type_item_tpl.<br>

[ %b %16 %2024 %21:%Nov:%th ] [notice] <b>Template Error:</b> loadfile: Cannot find template file "/articleview.tpl"<br>

[ %b %16 %2024 %21:%Nov:%th ] [notice] <b>Template Error:</b> loadfile: Cannot find template file "/articleview.tpl"<br>

[ %b %16 %2024 %21:%Nov:%th ] [notice] <b>Template Error:</b> loadfile: path_item_tpl is not a valid handle.<br>

[ %b %16 %2024 %21:%Nov:%th ] [notice] <b>Template Error:</b> subst: unable to load path_item_tpl.<br>

[ %b %16 %2024 %21:%Nov:%th ] [notice] <b>Template Error:</b> loadfile: article_intro_tpl is not a valid handle.<br>

[ %b %16 %2024 %21:%Nov:%th ] [notice] <b>Template Error:</b> subst: unable to load article_intro_tpl.<br>

[ %b %16 %2024 %21:%Nov:%th ] [notice] <b>Template Error:</b> loadfile: image_tpl is not a valid handle.<br>

[ %b %16 %2024 %21:%Nov:%th ] [notice] <b>Template Error:</b> subst: unable to load image_tpl.<br>

[ %b %16 %2024 %21:%Nov:%th ] [notice] <b>Template Error:</b> loadfile: image_tpl is not a valid handle.<br>

[ %b %16 %2024 %21:%Nov:%th ] [notice] <b>Template Error:</b> subst: unable to load image_tpl.<br>

[ %b %16 %2024 %21:%Nov:%th ] [notice] <b>Template Error:</b> loadfile: image_tpl is not a valid handle.<br>

[ %b %16 %2024 %21:%Nov:%th ] [notice] <b>Template Error:</b> subst: unable to load image_tpl.<br>

[ %b %16 %2024 %21:%Nov:%th ] [notice] <b>Template Error:</b> loadfile: image_tpl is not a valid handle.<br>

[ %b %16 %2024 %21:%Nov:%th ] [notice] <b>Template Error:</b> subst: unable to load image_tpl.<br>

[ %b %16 %2024 %21:%Nov:%th ] [notice] <b>Template Error:</b> loadfile: image_list_tpl is not a valid handle.<br>

[ %b %16 %2024 %21:%Nov:%th ] [notice] <b>Template Error:</b> subst: unable to load image_list_tpl.<br>

[ %b %16 %2024 %21:%Nov:%th ] [notice] <b>Template Error:</b> loadfile: article_header_tpl is not a valid handle.<br>

[ %b %16 %2024 %21:%Nov:%th ] [notice] <b>Template Error:</b> subst: unable to load article_header_tpl.<br>

[ %b %16 %2024 %21:%Nov:%th ] [notice] <b>Template Error:</b> loadfile: print_page_link_tpl is not a valid handle.<br>

[ %b %16 %2024 %21:%Nov:%th ] [notice] <b>Template Error:</b> subst: unable to load print_page_link_tpl.<br>

[ %b %16 %2024 %21:%Nov:%th ] [notice] <b>Template Error:</b> loadfile: Cannot find template file "/articleview.tpl"<br>

[ %b %16 %2024 %21:%Nov:%th ] [notice] <b>Template Error:</b> subst: unable to load article_view_page_tpl.<br>

[ %b %16 %2024 %21:%Nov:%th ] [notice] <b>Template Error:</b> set_root: /home/ez/public_html/ezarticle/user//templates/intranet is not a directory.<br>

[ %b %16 %2024 %21:%Nov:%th ] [notice] <b>Template Error:</b> filename: file /articleview.tpl does not exist.<br>

[ %b %16 %2024 %21:%Nov:%th ] [notice] <b>Template Error:</b> loadfile: Cannot find template file "/articleview.tpl"<br>

[ %b %16 %2024 %21:%Nov:%th ] [notice] <b>Template Error:</b> subst: unable to load article_view_page_tpl.<br>

[ %b %16 %2024 %21:%Nov:%th ] [notice] <b>Template Error:</b> loadfile: Cannot find template file "/articleview.tpl"<br>

[ %b %16 %2024 %21:%Nov:%th ] [notice] <b>Template Error:</b> subst: unable to load article_view_page_tpl.<br>

[ %b %16 %2024 %21:%Nov:%th ] [notice] <b>Template Error:</b> loadfile: Cannot find template file "/articleview.tpl"<br>

[ %b %16 %2024 %21:%Nov:%th ] [notice] <b>Template Error:</b> subst: unable to load article_view_page_tpl.<br>

[ %b %16 %2024 %21:%Nov:%th ] [notice] <b>Template Error:</b> loadfile: Cannot find template file "/articleview.tpl"<br>

[ %b %16 %2024 %21:%Nov:%th ] [notice] <b>Template Error:</b> subst: unable to load article_view_page_tpl.<br>

[ %b %16 %2024 %21:%Nov:%th ] [notice] <b>Template Error:</b> loadfile: Cannot find template file "/articleview.tpl"<br>

[ %b %16 %2024 %21:%Nov:%th ] [notice] <b>Template Error:</b> subst: unable to load article_view_page_tpl.<br>

[ %b %16 %2024 %21:%Nov:%th ] [notice] <b>Template Error:</b> loadfile: Cannot find template file "/articleview.tpl"<br>

[ %b %16 %2024 %21:%Nov:%th ] [notice] <b>Template Error:</b> subst: unable to load article_view_page_tpl.<br>

[ %b %16 %2024 %21:%Nov:%th ] [notice] <b>Template Error:</b> loadfile: attached_file_list_tpl is not a valid handle.<br>

[ %b %16 %2024 %21:%Nov:%th ] [notice] <b>Template Error:</b> subst: unable to load attached_file_list_tpl.<br>

[ %b %16 %2024 %21:%Nov:%th ] [notice] <b>Template Error:</b> loadfile: Cannot find template file "/articleview.tpl"<br>

[ %b %16 %2024 %21:%Nov:%th ] [notice] <b>Template Error:</b> subst: unable to load article_view_page_tpl.<br>

[ %b %16 %2024 %21:%Nov:%th ] [notice] <b>Template Error:</b> loadfile: image_list_tpl is not a valid handle.<br>

[ %b %16 %2024 %21:%Nov:%th ] [notice] <b>Template Error:</b> subst: unable to load image_list_tpl.<br>

[ %b %16 %2024 %21:%Nov:%th ] [notice] <b>Template Error:</b> loadfile: Cannot find template file "/articleview.tpl"<br>

[ %b %16 %2024 %21:%Nov:%th ] [notice] <b>Template Error:</b> subst: unable to load article_view_page_tpl.<br>

[ %b %16 %2024 %21:%Nov:%th ] [notice] <b>Template Error:</b> loadfile: Cannot find template file "/articleview.tpl"<br>

[ %b %16 %2024 %21:%Nov:%th ] [notice] <b>Template Error:</b> subst: unable to load article_view_page_tpl.<br>

[ %b %16 %2024 %21:%Nov:%th ] [notice] <b>Template Error:</b> loadfile: Cannot find template file "/articleview.tpl"<br>

[ %b %16 %2024 %21:%Nov:%th ] [notice] <b>Template Error:</b> subst: unable to load article_view_page_tpl.<br>

[ %b %16 %2024 %21:%Nov:%th ] [notice] <b>Template Error:</b> loadfile: Cannot find template file "/articleview.tpl"<br>

[ %b %16 %2024 %21:%Nov:%th ] [notice] <b>Template Error:</b> subst: unable to load article_view_page_tpl.<br>

[ %b %16 %2024 %21:%Nov:%th ] [notice] <b>Template Error:</b> loadfile: Cannot find template file "/articleview.tpl"<br>

[ %b %16 %2024 %21:%Nov:%th ] [notice] <b>Template Error:</b> subst: unable to load article_view_page_tpl.<br>

[ %b %16 %2024 %21:%Nov:%th ] [notice] <b>Template Error:</b> loadfile: Cannot find template file "/articleview.tpl"<br>

[ %b %16 %2024 %21:%Nov:%th ] [notice] <b>Template Error:</b> subst: unable to load article_view_page_tpl.<br>

[ %b %16 %2024 %21:%Nov:%th ] [notice] <b>Template Error:</b> loadfile: Cannot find template file "/articleview.tpl"<br>

[ %b %16 %2024 %21:%Nov:%th ] [notice] <b>Template Error:</b> subst: unable to load article_view_page_tpl.<br>

[ %b %16 %2024 %21:%Nov:%th ] [notice] <b>Template Error:</b> loadfile: Cannot find template file "/articleview.tpl"<br>

[ %b %16 %2024 %21:%Nov:%th ] [notice] <b>Template Error:</b> subst: unable to load article_view_page_tpl.<br>

[ %b %16 %2024 %21:%Nov:%th ] [notice] <b>Template Error:</b> loadfile: Cannot find template file "/articleview.tpl"<br>

[ %b %16 %2024 %21:%Nov:%th ] [notice] <b>Template Error:</b> subst: unable to load article_view_page_tpl.<br>

[ %b %16 %2024 %21:%Nov:%th ] [notice] <b>Template Error:</b> loadfile: attribute_list_tpl is not a valid handle.<br>

[ %b %16 %2024 %21:%Nov:%th ] [notice] <b>Template Error:</b> subst: unable to load attribute_list_tpl.<br>

[ %b %16 %2024 %21:%Nov:%th ] [notice] <b>Template Error:</b> loadfile: type_item_tpl is not a valid handle.<br>

[ %b %16 %2024 %21:%Nov:%th ] [notice] <b>Template Error:</b> subst: unable to load type_item_tpl.<br>

[ %b %16 %2024 %21:%Nov:%th ] [notice] <b>Template Error:</b> loadfile: Cannot find template file "/articleview.tpl"<br>

[ %b %16 %2024 %21:%Nov:%th ] [notice] <b>Template Error:</b> loadfile: Cannot find template file "/articleview.tpl"<br>

[ %b %16 %2024 %21:%Nov:%th ] [notice] <b>Template Error:</b> loadfile: path_item_tpl is not a valid handle.<br>

[ %b %16 %2024 %21:%Nov:%th ] [notice] <b>Template Error:</b> subst: unable to load path_item_tpl.<br>

[ %b %16 %2024 %21:%Nov:%th ] [notice] <b>Template Error:</b> loadfile: article_intro_tpl is not a valid handle.<br>

[ %b %16 %2024 %21:%Nov:%th ] [notice] <b>Template Error:</b> subst: unable to load article_intro_tpl.<br>

[ %b %16 %2024 %21:%Nov:%th ] [notice] <b>Template Error:</b> loadfile: image_tpl is not a valid handle.<br>

[ %b %16 %2024 %21:%Nov:%th ] [notice] <b>Template Error:</b> subst: unable to load image_tpl.<br>

[ %b %16 %2024 %21:%Nov:%th ] [notice] <b>Template Error:</b> loadfile: image_tpl is not a valid handle.<br>

[ %b %16 %2024 %21:%Nov:%th ] [notice] <b>Template Error:</b> subst: unable to load image_tpl.<br>

[ %b %16 %2024 %21:%Nov:%th ] [notice] <b>Template Error:</b> loadfile: image_tpl is not a valid handle.<br>

[ %b %16 %2024 %21:%Nov:%th ] [notice] <b>Template Error:</b> subst: unable to load image_tpl.<br>

[ %b %16 %2024 %21:%Nov:%th ] [notice] <b>Template Error:</b> loadfile: image_tpl is not a valid handle.<br>

[ %b %16 %2024 %21:%Nov:%th ] [notice] <b>Template Error:</b> subst: unable to load image_tpl.<br>

[ %b %16 %2024 %21:%Nov:%th ] [notice] <b>Template Error:</b> loadfile: image_list_tpl is not a valid handle.<br>

[ %b %16 %2024 %21:%Nov:%th ] [notice] <b>Template Error:</b> subst: unable to load image_list_tpl.<br>

[ %b %16 %2024 %21:%Nov:%th ] [notice] <b>Template Error:</b> loadfile: article_header_tpl is not a valid handle.<br>

[ %b %16 %2024 %21:%Nov:%th ] [notice] <b>Template Error:</b> subst: unable to load article_header_tpl.<br>

[ %b %16 %2024 %21:%Nov:%th ] [notice] <b>Template Error:</b> loadfile: print_page_link_tpl is not a valid handle.<br>

[ %b %16 %2024 %21:%Nov:%th ] [notice] <b>Template Error:</b> subst: unable to load print_page_link_tpl.<br>

[ %b %16 %2024 %21:%Nov:%th ] [notice] <b>Template Error:</b> loadfile: Cannot find template file "/articleview.tpl"<br>

[ %b %16 %2024 %21:%Nov:%th ] [notice] <b>Template Error:</b> subst: unable to load article_view_page_tpl.<br>

[ %b %16 %2024 %21:%Nov:%th ] [notice] <b>Template Error:</b> set_root: /home/ez/public_html/ezarticle/user//templates/trade is not a directory.<br>

[ %b %16 %2024 %21:%Nov:%th ] [notice] <b>Template Error:</b> filename: file /articleview.tpl does not exist.<br>

[ %b %16 %2024 %21:%Nov:%th ] [notice] <b>Template Error:</b> loadfile: Cannot find template file "/articleview.tpl"<br>

[ %b %16 %2024 %21:%Nov:%th ] [notice] <b>Template Error:</b> subst: unable to load article_view_page_tpl.<br>

[ %b %16 %2024 %21:%Nov:%th ] [notice] <b>Template Error:</b> loadfile: Cannot find template file "/articleview.tpl"<br>

[ %b %16 %2024 %21:%Nov:%th ] [notice] <b>Template Error:</b> subst: unable to load article_view_page_tpl.<br>

[ %b %16 %2024 %21:%Nov:%th ] [notice] <b>Template Error:</b> loadfile: Cannot find template file "/articleview.tpl"<br>

[ %b %16 %2024 %21:%Nov:%th ] [notice] <b>Template Error:</b> subst: unable to load article_view_page_tpl.<br>

[ %b %16 %2024 %21:%Nov:%th ] [notice] <b>Template Error:</b> loadfile: Cannot find template file "/articleview.tpl"<br>

[ %b %16 %2024 %21:%Nov:%th ] [notice] <b>Template Error:</b> subst: unable to load article_view_page_tpl.<br>

[ %b %16 %2024 %21:%Nov:%th ] [notice] <b>Template Error:</b> loadfile: Cannot find template file "/articleview.tpl"<br>

[ %b %16 %2024 %21:%Nov:%th ] [notice] <b>Template Error:</b> subst: unable to load article_view_page_tpl.<br>

[ %b %16 %2024 %21:%Nov:%th ] [notice] <b>Template Error:</b> loadfile: Cannot find template file "/articleview.tpl"<br>

[ %b %16 %2024 %21:%Nov:%th ] [notice] <b>Template Error:</b> subst: unable to load article_view_page_tpl.<br>

[ %b %16 %2024 %21:%Nov:%th ] [notice] <b>Template Error:</b> loadfile: attached_file_list_tpl is not a valid handle.<br>

[ %b %16 %2024 %21:%Nov:%th ] [notice] <b>Template Error:</b> subst: unable to load attached_file_list_tpl.<br>

[ %b %16 %2024 %21:%Nov:%th ] [notice] <b>Template Error:</b> loadfile: Cannot find template file "/articleview.tpl"<br>

[ %b %16 %2024 %21:%Nov:%th ] [notice] <b>Template Error:</b> subst: unable to load article_view_page_tpl.<br>

[ %b %16 %2024 %21:%Nov:%th ] [notice] <b>Template Error:</b> loadfile: image_list_tpl is not a valid handle.<br>

[ %b %16 %2024 %21:%Nov:%th ] [notice] <b>Template Error:</b> subst: unable to load image_list_tpl.<br>

[ %b %16 %2024 %21:%Nov:%th ] [notice] <b>Template Error:</b> loadfile: Cannot find template file "/articleview.tpl"<br>

[ %b %16 %2024 %21:%Nov:%th ] [notice] <b>Template Error:</b> subst: unable to load article_view_page_tpl.<br>

[ %b %16 %2024 %21:%Nov:%th ] [notice] <b>Template Error:</b> loadfile: Cannot find template file "/articleview.tpl"<br>

[ %b %16 %2024 %21:%Nov:%th ] [notice] <b>Template Error:</b> subst: unable to load article_view_page_tpl.<br>

[ %b %16 %2024 %21:%Nov:%th ] [notice] <b>Template Error:</b> loadfile: Cannot find template file "/articleview.tpl"<br>

[ %b %16 %2024 %21:%Nov:%th ] [notice] <b>Template Error:</b> subst: unable to load article_view_page_tpl.<br>

[ %b %16 %2024 %21:%Nov:%th ] [notice] <b>Template Error:</b> loadfile: Cannot find template file "/articleview.tpl"<br>

[ %b %16 %2024 %21:%Nov:%th ] [notice] <b>Template Error:</b> subst: unable to load article_view_page_tpl.<br>

[ %b %16 %2024 %21:%Nov:%th ] [notice] <b>Template Error:</b> loadfile: Cannot find template file "/articleview.tpl"<br>

[ %b %16 %2024 %21:%Nov:%th ] [notice] <b>Template Error:</b> subst: unable to load article_view_page_tpl.<br>

[ %b %16 %2024 %21:%Nov:%th ] [notice] <b>Template Error:</b> loadfile: Cannot find template file "/articleview.tpl"<br>

[ %b %16 %2024 %21:%Nov:%th ] [notice] <b>Template Error:</b> subst: unable to load article_view_page_tpl.<br>

[ %b %16 %2024 %21:%Nov:%th ] [notice] <b>Template Error:</b> loadfile: Cannot find template file "/articleview.tpl"<br>

[ %b %16 %2024 %21:%Nov:%th ] [notice] <b>Template Error:</b> subst: unable to load article_view_page_tpl.<br>

[ %b %16 %2024 %21:%Nov:%th ] [notice] <b>Template Error:</b> loadfile: Cannot find template file "/articleview.tpl"<br>

[ %b %16 %2024 %21:%Nov:%th ] [notice] <b>Template Error:</b> subst: unable to load article_view_page_tpl.<br>

[ %b %16 %2024 %21:%Nov:%th ] [notice] <b>Template Error:</b> loadfile: Cannot find template file "/articleview.tpl"<br>

[ %b %16 %2024 %21:%Nov:%th ] [notice] <b>Template Error:</b> subst: unable to load article_view_page_tpl.<br>

[ %b %16 %2024 %21:%Nov:%th ] [notice] <b>Template Error:</b> loadfile: attribute_list_tpl is not a valid handle.<br>

[ %b %16 %2024 %21:%Nov:%th ] [notice] <b>Template Error:</b> subst: unable to load attribute_list_tpl.<br>

[ %b %16 %2024 %21:%Nov:%th ] [notice] <b>Template Error:</b> loadfile: type_item_tpl is not a valid handle.<br>

[ %b %16 %2024 %21:%Nov:%th ] [notice] <b>Template Error:</b> subst: unable to load type_item_tpl.<br>

[ %b %16 %2024 %21:%Nov:%th ] [notice] <b>Template Error:</b> loadfile: Cannot find template file "/articleview.tpl"<br>

[ %b %16 %2024 %21:%Nov:%th ] [notice] <b>Template Error:</b> loadfile: Cannot find template file "/articleview.tpl"<br>

[ %b %16 %2024 %21:%Nov:%th ] [notice] <b>Template Error:</b> loadfile: path_item_tpl is not a valid handle.<br>

[ %b %16 %2024 %21:%Nov:%th ] [notice] <b>Template Error:</b> subst: unable to load path_item_tpl.<br>

[ %b %16 %2024 %21:%Nov:%th ] [notice] <b>Template Error:</b> loadfile: article_intro_tpl is not a valid handle.<br>

[ %b %16 %2024 %21:%Nov:%th ] [notice] <b>Template Error:</b> subst: unable to load article_intro_tpl.<br>

[ %b %16 %2024 %21:%Nov:%th ] [notice] <b>Template Error:</b> loadfile: image_tpl is not a valid handle.<br>

[ %b %16 %2024 %21:%Nov:%th ] [notice] <b>Template Error:</b> subst: unable to load image_tpl.<br>

[ %b %16 %2024 %21:%Nov:%th ] [notice] <b>Template Error:</b> loadfile: image_tpl is not a valid handle.<br>

[ %b %16 %2024 %21:%Nov:%th ] [notice] <b>Template Error:</b> subst: unable to load image_tpl.<br>

[ %b %16 %2024 %21:%Nov:%th ] [notice] <b>Template Error:</b> loadfile: image_tpl is not a valid handle.<br>

[ %b %16 %2024 %21:%Nov:%th ] [notice] <b>Template Error:</b> subst: unable to load image_tpl.<br>

[ %b %16 %2024 %21:%Nov:%th ] [notice] <b>Template Error:</b> loadfile: image_tpl is not a valid handle.<br>

[ %b %16 %2024 %21:%Nov:%th ] [notice] <b>Template Error:</b> subst: unable to load image_tpl.<br>

[ %b %16 %2024 %21:%Nov:%th ] [notice] <b>Template Error:</b> loadfile: image_list_tpl is not a valid handle.<br>

[ %b %16 %2024 %21:%Nov:%th ] [notice] <b>Template Error:</b> subst: unable to load image_list_tpl.<br>

[ %b %16 %2024 %21:%Nov:%th ] [notice] <b>Template Error:</b> loadfile: article_header_tpl is not a valid handle.<br>

[ %b %16 %2024 %21:%Nov:%th ] [notice] <b>Template Error:</b> subst: unable to load article_header_tpl.<br>

[ %b %16 %2024 %21:%Nov:%th ] [notice] <b>Template Error:</b> loadfile: print_page_link_tpl is not a valid handle.<br>

[ %b %16 %2024 %21:%Nov:%th ] [notice] <b>Template Error:</b> subst: unable to load print_page_link_tpl.<br>

[ %b %16 %2024 %21:%Nov:%th ] [notice] <b>Template Error:</b> loadfile: Cannot find template file "/articleview.tpl"<br>

[ %b %16 %2024 %21:%Nov:%th ] [notice] <b>Template Error:</b> subst: unable to load article_view_page_tpl.<br>

[ %b %16 %2024 %21:%Nov:%th ] [notice] <b>Template Error:</b> set_root: /home/ez/public_html/ezarticle/user//templates/news is not a directory.<br>

[ %b %16 %2024 %21:%Nov:%th ] [notice] <b>Template Error:</b> filename: file /articleview.tpl does not exist.<br>

[ %b %16 %2024 %21:%Nov:%th ] [notice] <b>Template Error:</b> loadfile: Cannot find template file "/articleview.tpl"<br>

[ %b %16 %2024 %21:%Nov:%th ] [notice] <b>Template Error:</b> subst: unable to load article_view_page_tpl.<br>

[ %b %16 %2024 %21:%Nov:%th ] [notice] <b>Template Error:</b> loadfile: Cannot find template file "/articleview.tpl"<br>

[ %b %16 %2024 %21:%Nov:%th ] [notice] <b>Template Error:</b> subst: unable to load article_view_page_tpl.<br>

[ %b %16 %2024 %21:%Nov:%th ] [notice] <b>Template Error:</b> loadfile: Cannot find template file "/articleview.tpl"<br>

[ %b %16 %2024 %21:%Nov:%th ] [notice] <b>Template Error:</b> subst: unable to load article_view_page_tpl.<br>

[ %b %16 %2024 %21:%Nov:%th ] [notice] <b>Template Error:</b> loadfile: Cannot find template file "/articleview.tpl"<br>

[ %b %16 %2024 %21:%Nov:%th ] [notice] <b>Template Error:</b> subst: unable to load article_view_page_tpl.<br>

[ %b %16 %2024 %21:%Nov:%th ] [notice] <b>Template Error:</b> loadfile: Cannot find template file "/articleview.tpl"<br>

[ %b %16 %2024 %21:%Nov:%th ] [notice] <b>Template Error:</b> subst: unable to load article_view_page_tpl.<br>

[ %b %16 %2024 %21:%Nov:%th ] [notice] <b>Template Error:</b> loadfile: Cannot find template file "/articleview.tpl"<br>

[ %b %16 %2024 %21:%Nov:%th ] [notice] <b>Template Error:</b> subst: unable to load article_view_page_tpl.<br>

[ %b %16 %2024 %21:%Nov:%th ] [notice] <b>Template Error:</b> loadfile: attached_file_list_tpl is not a valid handle.<br>

[ %b %16 %2024 %21:%Nov:%th ] [notice] <b>Template Error:</b> subst: unable to load attached_file_list_tpl.<br>

[ %b %16 %2024 %21:%Nov:%th ] [notice] <b>Template Error:</b> loadfile: Cannot find template file "/articleview.tpl"<br>

[ %b %16 %2024 %21:%Nov:%th ] [notice] <b>Template Error:</b> subst: unable to load article_view_page_tpl.<br>

[ %b %16 %2024 %21:%Nov:%th ] [notice] <b>Template Error:</b> loadfile: image_list_tpl is not a valid handle.<br>

[ %b %16 %2024 %21:%Nov:%th ] [notice] <b>Template Error:</b> subst: unable to load image_list_tpl.<br>

[ %b %16 %2024 %21:%Nov:%th ] [notice] <b>Template Error:</b> loadfile: Cannot find template file "/articleview.tpl"<br>

[ %b %16 %2024 %21:%Nov:%th ] [notice] <b>Template Error:</b> subst: unable to load article_view_page_tpl.<br>

[ %b %16 %2024 %21:%Nov:%th ] [notice] <b>Template Error:</b> loadfile: Cannot find template file "/articleview.tpl"<br>

[ %b %16 %2024 %21:%Nov:%th ] [notice] <b>Template Error:</b> subst: unable to load article_view_page_tpl.<br>

[ %b %16 %2024 %21:%Nov:%th ] [notice] <b>Template Error:</b> loadfile: Cannot find template file "/articleview.tpl"<br>

[ %b %16 %2024 %21:%Nov:%th ] [notice] <b>Template Error:</b> subst: unable to load article_view_page_tpl.<br>

[ %b %16 %2024 %21:%Nov:%th ] [notice] <b>Template Error:</b> loadfile: Cannot find template file "/articleview.tpl"<br>

[ %b %16 %2024 %21:%Nov:%th ] [notice] <b>Template Error:</b> subst: unable to load article_view_page_tpl.<br>

[ %b %16 %2024 %21:%Nov:%th ] [notice] <b>Template Error:</b> loadfile: Cannot find template file "/articleview.tpl"<br>

[ %b %16 %2024 %21:%Nov:%th ] [notice] <b>Template Error:</b> subst: unable to load article_view_page_tpl.<br>

[ %b %16 %2024 %21:%Nov:%th ] [notice] <b>Template Error:</b> loadfile: Cannot find template file "/articleview.tpl"<br>

[ %b %16 %2024 %21:%Nov:%th ] [notice] <b>Template Error:</b> subst: unable to load article_view_page_tpl.<br>

[ %b %16 %2024 %21:%Nov:%th ] [notice] <b>Template Error:</b> loadfile: Cannot find template file "/articleview.tpl"<br>

[ %b %16 %2024 %21:%Nov:%th ] [notice] <b>Template Error:</b> subst: unable to load article_view_page_tpl.<br>

[ %b %16 %2024 %21:%Nov:%th ] [notice] <b>Template Error:</b> loadfile: Cannot find template file "/articleview.tpl"<br>

[ %b %16 %2024 %21:%Nov:%th ] [notice] <b>Template Error:</b> subst: unable to load article_view_page_tpl.<br>

[ %b %16 %2024 %21:%Nov:%th ] [notice] <b>Template Error:</b> loadfile: Cannot find template file "/articleview.tpl"<br>

[ %b %16 %2024 %21:%Nov:%th ] [notice] <b>Template Error:</b> subst: unable to load article_view_page_tpl.<br>

[ %b %16 %2024 %21:%Nov:%th ] [notice] <b>Template Error:</b> loadfile: attribute_list_tpl is not a valid handle.<br>

[ %b %16 %2024 %21:%Nov:%th ] [notice] <b>Template Error:</b> subst: unable to load attribute_list_tpl.<br>

[ %b %16 %2024 %21:%Nov:%th ] [notice] <b>Template Error:</b> loadfile: type_item_tpl is not a valid handle.<br>

[ %b %16 %2024 %21:%Nov:%th ] [notice] <b>Template Error:</b> subst: unable to load type_item_tpl.<br>

[ %b %16 %2024 %21:%Nov:%th ] [notice] <b>Template Error:</b> loadfile: Cannot find template file "/articleview.tpl"<br>

[ %b %16 %2024 %21:%Nov:%th ] [notice] <b>Template Error:</b> loadfile: Cannot find template file "/articleview.tpl"<br>

[ %b %16 %2024 %21:%Nov:%th ] [notice] <b>Template Error:</b> loadfile: path_item_tpl is not a valid handle.<br>

[ %b %16 %2024 %21:%Nov:%th ] [notice] <b>Template Error:</b> subst: unable to load path_item_tpl.<br>

[ %b %16 %2024 %21:%Nov:%th ] [notice] <b>Template Error:</b> loadfile: article_intro_tpl is not a valid handle.<br>

[ %b %16 %2024 %21:%Nov:%th ] [notice] <b>Template Error:</b> subst: unable to load article_intro_tpl.<br>

[ %b %16 %2024 %21:%Nov:%th ] [notice] <b>Template Error:</b> loadfile: image_tpl is not a valid handle.<br>

[ %b %16 %2024 %21:%Nov:%th ] [notice] <b>Template Error:</b> subst: unable to load image_tpl.<br>

[ %b %16 %2024 %21:%Nov:%th ] [notice] <b>Template Error:</b> loadfile: image_tpl is not a valid handle.<br>

[ %b %16 %2024 %21:%Nov:%th ] [notice] <b>Template Error:</b> subst: unable to load image_tpl.<br>

[ %b %16 %2024 %21:%Nov:%th ] [notice] <b>Template Error:</b> loadfile: image_tpl is not a valid handle.<br>

[ %b %16 %2024 %21:%Nov:%th ] [notice] <b>Template Error:</b> subst: unable to load image_tpl.<br>

[ %b %16 %2024 %21:%Nov:%th ] [notice] <b>Template Error:</b> loadfile: image_tpl is not a valid handle.<br>

[ %b %16 %2024 %21:%Nov:%th ] [notice] <b>Template Error:</b> subst: unable to load image_tpl.<br>

[ %b %16 %2024 %21:%Nov:%th ] [notice] <b>Template Error:</b> loadfile: image_list_tpl is not a valid handle.<br>

[ %b %16 %2024 %21:%Nov:%th ] [notice] <b>Template Error:</b> subst: unable to load image_list_tpl.<br>

[ %b %16 %2024 %21:%Nov:%th ] [notice] <b>Template Error:</b> loadfile: article_header_tpl is not a valid handle.<br>

[ %b %16 %2024 %21:%Nov:%th ] [notice] <b>Template Error:</b> subst: unable to load article_header_tpl.<br>

[ %b %16 %2024 %21:%Nov:%th ] [notice] <b>Template Error:</b> loadfile: print_page_link_tpl is not a valid handle.<br>

[ %b %16 %2024 %21:%Nov:%th ] [notice] <b>Template Error:</b> subst: unable to load print_page_link_tpl.<br>

[ %b %16 %2024 %21:%Nov:%th ] [notice] <b>Template Error:</b> loadfile: Cannot find template file "/articleview.tpl"<br>

[ %b %16 %2024 %21:%Nov:%th ] [notice] <b>Template Error:</b> subst: unable to load article_view_page_tpl.<br>

